Song 1: "0 to 100 / The Catch Up"
Song 2: "10 Bands"
Song 3: "1Xtra Freestyle"
Song 4: "2011 Juno Awards In Toronto"
Song 5: "2016 MTV VMAs Vanguard Award Intro for Rihanna"
Song 6: "2AM"
Song 7: "305 to My City"
Song 8: "30 for 30 Freestyle"
Song 9: "4422"
Song 10: "4PM in Calabasas"
Song 11: "5AM in Toronto"
Song 12: "6 God"
Song 13: "6 Man"
Song 14: "6PM in New York"
Song 15: "8AM in London*"
Song 16: "9"
Song 17: "9AM in Dallas"
Song 18: "About the Game"
Song 19: "A Little Favour (GQ Freestyle)"
Song 20: "All Kinds"
Song 21: "All Me"
Song 22: "All Night Long (Miss Me Demo)"
Song 23: "All This Love"
Song 24: "Alton Sterling Statement"
Song 25: "AM 2 PM"
Song 26: "A Milli Freestyle"
Song 27: "A Night Off"
Song 28: "Apology for Autism Line"
Song 29: "A Scorpio's Mind"
Song 30: "Asthma Team"
Song 31: "ATF Radio freestyle"
Song 32: "At the Mall"
Song 33: "Baby Come with Me"
Song 34: "Back to Back"
Song 35: "Bad Breed"
Song 36: "Bad Meaning Good"
Song 37: "Bag Jackin Bitches"
Song 38: "Bar Mitzvah in 1999"
Song 39: "Barry Bonds (Freestyle)"
Song 40: "Beautiful Music"
Song 41: "Belly Shit"
Song 42: "Best I Ever Had"
Song 43: "Between Us"
Song 44: "Bibb City"
Song 45: "Bitch Is Crazy"
Song 46: "Blackface Response"
Song 47: "Blem"
Song 48: "Blem (Dubplate)"
Song 49: "Bollywood Flow"
Song 50: "Brand New"
Song 51: "Brand New (Remix)"
Song 52: "Bria's Interlude"
Song 53: "Buried Alive (Interlude)"
Song 54: "Cameras"
Song 55: "Cameras / Good Ones Go Interlude - Medley"
Song 56: "Cameras [Official Remix]"
Song 57: "Can I?"
Song 58: "Can't Have Everything"
Song 59: "Can't Hide from Love Freestyle"
Song 60: "Can We Be"
Song 61: "Catch No Feelings"
Song 62: "Cece's Interlude"
Song 63: "Charged Up"
Song 64: "Check it out"
Song 65: "Child's Play"
Song 66: "City is Mine"
Song 67: "Closer"
Song 68: "Closer To My Dreams"
Song 69: "Club Paradise"
Song 70: "Comeback Season"
Song 71: "Come Real"
Song 72: "Come Thru"
Song 73: "Come Winter"
Song 74: "Comments on Macklemore's Post-Grammy Text"
Song 75: "Company"
Song 76: "Congratulations"
Song 77: "Connect"
Song 78: "Controlla"
Song 79: "Controlla (Leak)"
Song 80: "Crew Love"
Song 81: "Dark Thoughts"
Song 82: "Days In The East"
Song 83: "Dead Presidents [Freestyle]"
Song 84: "Deceiving"
Song 85: "Diplomatic Immunity"
Song 86: "Doing His Thing"
Song 87: "Doing It Wrong"
Song 88: "Doing It Wrong  (Briana Datuin)"
Song 89: "Do It All"
Song 90: "Do It Now"
Song 91: "Do Not Disturb"
Song 92: "Don't Run*"
Song 93: "Don't You Have a Man"
Song 94: "Do What U Do (Remix)"
Song 95: "Do What You Do"
Song 96: "Draft Day"
Song 97: "Drake & DJ Semtex Interview"
Song 98: "Drake Speaks"
Song 99: "Drakespeare: When Thy Messenger Alights (Hotline Bling Shakespeare)"
Song 100: "Drake's Tattoos"
Song 101: "Drake's Voice Mail Box #1"
Song 102: "Drake's Voice Mail Box #2"
Song 103: "Drake's Voice Mail Box #3"
Song 104: "Dreams Money Can Buy"
Song 105: "Duppy Freestyle"
Song 106: "Easy to Please"
Song 107: "Empire"
Song 108: "Energy"
Song 109: "ESPYs Conference Call"
Song 110: "Everywhere I Go"
Song 111: "Exposed (Voyce Diss)"
Song 112: "Extra Special"
Song 113: "Faded"
Song 114: "Faithful"
Song 115: "Faithful (Extended Version)"
Song 116: "Fake Love"
Song 117: "Fallen"
Song 118: "Fall For Your Type"
Song 119: "Falling Up"
Song 120: "Fancy"
Song 121: "Fancy (Dick Clarke New Year's Eve 2011) (New Verse)"
Song 122: "Fancy (Remix)"
Song 123: "Fear"
Song 124: "Feel No Ways"
Song 125: "Feel The Same"
Song 126: "Find Your Love"
Song 127: "Fire & Desire"
Song 128: "Fireworks"
Song 129: "Focus*"
Song 130: "Forever (Born Successful)"
Song 131: "Forever (Travis Barker Remix)"
Song 132: "Free Smoke"
Song 133: "Free Spirit"
Song 134: "Free Spirit Remix"
Song 135: "Freestyle (LeGit)"
Song 136: "Friends With Money"
Song 137: "From Time"
Song 138: "Furthest Thing"
Song 139: "Galchester"
Song 140: "Get It Together"
Song 141: "Get Like Me"
Song 142: "Get Over It"
Song 143: "Girls Love Beyoncé"
Song 144: "Girls Love Beyoncé (Remix)"
Song 145: "Give Ya"
Song 146: "Glow"
Song 147: "God's Plan"
Song 148: "Going in for Life"
Song 149: "Goodnight and Goodluck"
Song 150: "Good Ones Go (Interlude)"
Song 151: "Good Riddance (Aristo Diss)"
Song 152: "Go Out Tonight"
Song 153: "Grammys"
Song 154: "Grave"
Song 155: "Greatness"
Song 156: "Gyalchester"
Song 157: "Gyalchister"
Song 158: "Hate Sleeping Alone"
Song 159: "H A W A I I"
Song 160: "Headlines"
Song 161: "Headlines freestyle"
Song 162: "Headlines (Remix)"
Song 163: "Heat of the Moment"
Song 164: "Hold On, We're Going Home"
Song 165: "Honorable Mention"
Song 166: "Hot 97 Freestyle"
Song 167: "Hotline Bling"
Song 168: "Houstatlantavegas"
Song 169: "How About Now"
Song 170: "HYFR"
Song 171: "HYFR (Hell Ya F***ing Right) - Album Version (Edited)"
Song 172: "Hype"
Song 173: "Hype (Remix)"
Song 174: "Ice Melts"
Song 175: "I Could Never*"
Song 176: "I Do (Remix Verse)"
Song 177: "I Do This"
Song 178: "If You're Reading This, It's Too Late [Credits]"
Song 179: "If You're Reading This It's Too Late [Tracklist + Album Art]"
Song 180: "I Get Lonely Too"
Song 181: "I Get Paper"
Song 182: "Ignant Shit (Freestyle)"
Song 183: "I'm Goin In"
Song 184: "I'm On My Way"
Song 185: "I'm Ready For You"
Song 186: "I'm Ready For You (Full Length)"
Song 187: "I'm still here"
Song 188: "I'm Upset"
Song 189: "In The Morning"
Song 190: "Intro"
Song 191: "Intro (Room For Improvement)"
Song 192: "Invented Sex"
Song 193: "I Stay Fly"
Song 194: "Jodeci Freestyle"
Song 195: "Jorja Interlude"
Song 196: "Juice"
Song 197: "Jungle"
Song 198: "Jungle (Savon Remix)"
Song 199: "Jungle (Video)"
Song 200: "Karaoke"
Song 201: "Keep the Family Close"
Song 202: "Kick, Push (Remix)"
Song 203: "King Leon"
Song 204: "KMT"
Song 205: "Know bout me (remix)"
Song 206: "Know Yourself"
Song 207: "Know Your Worth"
Song 208: "Leaving"
Song 209: "Legend"
Song 210: "Legend (Wynn Remix)"
Song 211: "Let's Call It Off"
Song 212: "Let's Kiss (Pusha-T Diss)"
Song 213: "Light Up"
Song 214: "Light Up (Remix)"
Song 215: "Little Bit"
Song 216: "Live Up to My Name (Reference)"
Song 217: "London Tour Freestyle"
Song 218: "Look What You've Done"
Song 219: "Lord Knows"
Song 220: "Lose You"
Song 221: "Love And Gunz"
Song 222: "Lucky Freestlye"
Song 223: "Lust for Life"
Song 224: "Made"
Song 225: "Madiba Riddim"
Song 226: "Madonna"
Song 227: "Madonna (Unreleased Verse)"
Song 228: "Make Me Proud"
Song 229: "Make Things Right"
Song 230: "Man of the Year"
Song 231: "Marvin's Room"
Song 232: "Me"
Song 233: "Messages From You"
Song 234: "Milk"
Song 235: "Missin' You (Freestyle)"
Song 236: "Miss Me"
Song 237: "Money"
Song 238: "Money (Remix)"
Song 239: "Money To Blow"
Song 240: "More Life [Credits]"
Song 241: "More Life [Note]"
Song 242: "More Life [Tracklist + Cover Art]"
Song 243: "More Milli"
Song 244: "More Ready"
Song 245: "More Ready (Remix)"
Song 246: "More Than A Meme"
Song 247: "MSG Freestyle (Hot 97)"
Song 248: "Must Hate Money"
Song 249: "My Love (Demo)"
Song 250: "My New Shit"
Song 251: "My Side"
Song 252: "Net*"
Song 253: "Never 'Bout Us"
Song 254: "New Album Titled 'Views From The 6'"
Song 255: "New Shit"
Song 256: "Nice For What"
Song 257: "Niggas in dde hood"
Song 258: "Night Off"
Song 259: "Nights In The West"
Song 260: "No Long Talk"
Song 261: "No Tellin'"
Song 262: "Nothings Into Somethings"
Song 263: "Nothing Was The Same [Booklet]"
Song 264: "Nothing Was The Same [Credits]"
Song 265: "Nothing Was the Same [Tracklist + Album Art]"
Song 266: "Not Nice"
Song 267: "November 14th [Chuck Inglish Remix]"
Song 268: "November 18th"
Song 269: "Now & Forever"
Song 270: "One Dance"
Song 271: "One Dance (Aryay Remix)"
Song 272: "One Dance (Dub)"
Song 273: "On My Way"
Song 274: "Outro"
Song 275: "Over"
Song 276: "Overdose On Life"
Song 277: "Over My Dead Body"
Song 278: "OVO Sound Radio Episode 10 Tracklist"
Song 279: "OVO Sound Radio Episode 11 Tracklist"
Song 280: "OVO Sound Radio Episode 12 Tracklist"
Song 281: "OVO Sound Radio Episode 13 Tracklist"
Song 282: "OVO Sound Radio Episode 14 Tracklist"
Song 283: "OVO Sound Radio Episode 15 Tracklist"
Song 284: "OVO Sound Radio Episode 16 Tracklist"
Song 285: "OVO Sound Radio Episode 17 Tracklist"
Song 286: "OVO Sound Radio Episode 18 Tracklist"
Song 287: "OVO Sound Radio Episode 19 Tracklist"
Song 288: "OVO Sound Radio Episode 1 Tracklist"
Song 289: "OVO Sound Radio Episode 20 Tracklist"
Song 290: "OVO Sound Radio Episode 21 Tracklist"
Song 291: "OVO Sound Radio Episode 22 Tracklist"
Song 292: "OVO Sound Radio Episode 23 Tracklist"
Song 293: "OVO Sound Radio Episode 24 Tracklist"
Song 294: "OVO Sound Radio Episode 25 Tracklist"
Song 295: "OVO Sound Radio Episode 26 Tracklist"
Song 296: "OVO Sound Radio Episode 27 Tracklist"
Song 297: "OVO Sound Radio Episode 28 Tracklist"
Song 298: "OVO Sound Radio Episode 29 Tracklist"
Song 299: "OVO Sound Radio Episode 2 Tracklist"
Song 300: "OVO Sound Radio Episode 30 Tracklist"
Song 301: "OVO Sound Radio Episode 31 Tracklist"
Song 302: "OVO Sound Radio Episode 32 Tracklist"
Song 303: "OVO Sound Radio Episode 33 Tracklist"
Song 304: "OVO Sound Radio Episode 34 Tracklist"
Song 305: "OVO Sound Radio Episode 35 Tracklist"
Song 306: "OVO Sound Radio Episode 36 Tracklist"
Song 307: "OVO Sound Radio Episode 37 Tracklist"
Song 308: "OVO Sound Radio Episode 38 Tracklist"
Song 309: "OVO Sound Radio Episode 39 Tracklist"
Song 310: "OVO Sound Radio Episode 3 Tracklist"
Song 311: "OVO Sound Radio Episode 40 Tracklist"
Song 312: "OVO Sound Radio Episode 41 Tracklist"
Song 313: "OVO Sound Radio Episode 42 Tracklist"
Song 314: "OVO Sound Radio Episode 43 Tracklist"
Song 315: "OVO Sound Radio Episode 44 Tracklist"
Song 316: "OVO Sound Radio Episode 45 Tracklist"
Song 317: "OVO Sound Radio Episode 46 Tracklist"
Song 318: "OVO Sound Radio Episode 47 Tracklist"
Song 319: "OVO Sound Radio Episode 48 Tracklist"
Song 320: "OVO Sound Radio Episode 49 Tracklist"
Song 321: "OVO Sound Radio Episode 4 Tracklist"
Song 322: "OVO Sound Radio Episode 50 Tracklist"
Song 323: "OVO Sound Radio Episode 51 Tracklist"
Song 324: "OVO Sound Radio Episode 52 Tracklist"
Song 325: "OVO Sound Radio Episode 53 Tracklist"
Song 326: "OVO Sound Radio Episode 54 Tracklist"
Song 327: "OVO Sound Radio Episode 55 Tracklist"
Song 328: "OVO Sound Radio Episode 56 Tracklist"
Song 329: "OVO Sound Radio Episode 57 Tracklist"
Song 330: "OVO Sound Radio Episode 58 Tracklist"
Song 331: "OVO Sound Radio Episode 59 Tracklist"
Song 332: "OVO Sound Radio Episode 5 Tracklist"
Song 333: "OVO Sound Radio Episode 60 Tracklist"
Song 334: "OVO Sound Radio Episode 61 Tracklist"
Song 335: "OVO Sound Radio Episode 62 Tracklist"
Song 336: "OVO Sound Radio Episode 63 Tracklist"
Song 337: "OVO Sound Radio Episode 6 Tracklist"
Song 338: "OVO Sound Radio Episode 7 Tracklist"
Song 339: "OVO Sound Radio Episode 8 Tracklist"
Song 340: "OVO Sound Radio Episode 9 Tracklist"
Song 341: "OVO Sound Radio [Setlists]"
Song 342: "Own It"
Song 343: "Pachie"
Song 344: "Paris Morton Music"
Song 345: "Passionfruit"
Song 346: "Payback"
Song 347: "PAYBACK (Stunt On U)"
Song 348: "Pianist Hands"
Song 349: "Piece By Piece"
Song 350: "Pistols"
Song 351: "Please Forgive Me"
Song 352: "Pop Rose"
Song 353: "Pop Style"
Song 354: "Pop Style (Single Version)"
Song 355: "Portland"
Song 356: "Pound Cake / Paris Morton Music 2"
Song 357: "Practice"
Song 358: "Preach"
Song 359: "President [Freestyle]"
Song 360: "Ransom"
Song 361: "Redemption"
Song 362: "Remember"
Song 363: "Replacement Girl"
Song 364: "Rewind"
Song 365: "Right Hand"
Song 366: "Right to Left"
Song 367: "R.I.P"
Song 368: "Runaway Girl"
Song 369: "Sacrifices"
Song 370: "Same Mistakes (Fall For Your Type)"
Song 371: "Say Something"
Song 372: "Say What's Real"
Song 373: "Scriptures"
Song 374: "Separate LivesVer"
Song 375: "Seriously Now"
Song 376: "Sex Tonight"
Song 377: "Share"
Song 378: "Shot for Me"
Song 379: "Show Me a Good Time"
Song 380: "Shut It Down"
Song 381: "Side Pieces"
Song 382: "Signs"
Song 383: "Since Way Back"
Song 384: "Skepta Interlude"
Song 385: "Slow It Down"
Song 386: "Smile"
Song 387: "Sneakin'"
Song 388: "So Far Gone EP [Tracklist + Album Art]"
Song 389: "So Far Gone [Tracklist + Cover Art]"
Song 390: "Something"
Song 391: "Sooner Than Later"
Song 392: "Special"
Song 393: "Star67"
Song 394: "Started from the Bottom"
Song 395: "Started From the Bottom Deluxe - Don't Delete"
Song 396: "Started from the bottom now we here"
Song 397: "Started From The Bottom (Remix)"
Song 398: "Statement on Wireless"
Song 399: "Still Drake"
Song 400: "Still Fly"
Song 401: "Still Got it"
Song 402: "Still Here"
Song 403: "S.T.R.E.S.S."
Song 404: "Stunt Hard"
Song 405: "Stunt on You"
Song 406: "Successful"
Song 407: "Successful Lost Verse"
Song 408: "Successful (Remix)"
Song 409: "Successful remix live (feat. trey songz)"
Song 410: "Successful (unreleased version)"
Song 411: "Summer Sixteen"
Song 412: "Summer Sixteen (Live Remix)"
Song 413: "Summers Over Interlude"
Song 414: "Swagg"
Song 415: "Swagger Like Us"
Song 416: "Sweeterman (Remix)"
Song 417: "Take Care"
Song 418: "Take Care [Booklet]"
Song 419: "Take Care [Credits]"
Song 420: "Take Care [Tracklist + Album Art]"
Song 421: "Take You Down"
Song 422: "Take You Down (Freestyle)"
Song 423: "Talk Is Cheap"
Song 424: "Teach U A Lesson (Freestyle)"
Song 425: "Teach You A Lesson"
Song 426: "Teaser of Views from the 6"
Song 427: "Teenage Fever"
Song 428: "Tell Me"
Song 429: "Tell Me Lies"
Song 430: "Tell Me Why"
Song 431: "Thank Me Later [Booklet]"
Song 432: "Thank Me Later [Credits]"
Song 433: "Thank Me Later [Liner Notes]"
Song 434: "Thank Me Now"
Song 435: "Thank You Letter"
Song 436: "Thank You Note to 40"
Song 437: "The Calm"
Song 438: "The Grind"
Song 439: "The Language"
Song 440: "The Last Hope"
Song 441: "The Motion"
Song 442: "The Motto"
Song 443: "The Motto (Drake vs Zin-Zeta)"
Song 444: "The Motto (Remix)"
Song 445: "The Presentation"
Song 446: "The Real Her"
Song 447: "The Reaon"
Song 448: "The Resistance"
Song 449: "The Ride"
Song 450: "The Search"
Song 451: "These Days"
Song 452: "The Usual"
Song 453: "The Winner"
Song 454: "Thing for you"
Song 455: "Think Good Thoughts"
Song 456: "Thrill Is Gone"
Song 457: "Throw It in the Bag (Remix)"
Song 458: "Tim Westwood Freestyle"
Song 459: "Together"
Song 460: "Too Cold"
Song 461: "Too Good"
Song 462: "Too Good (Demo)"
Song 463: "Too Much"
Song 464: "Tough Day at the Office [Rolling Stone Apology]"
Song 465: "Trophies"
Song 466: "Trophies (Remix)"
Song 467: "Trust Issues"
Song 468: "Trust Issues (Gizzle Mashup)"
Song 469: "Try Harder"
Song 470: "Tuscan Leather"
Song 471: "Tweets About Rolling Stone Interview"
Song 472: "Tweets With T. Boone Pickens"
Song 473: "Two Birds, One Stone"
Song 474: "Underdog"
Song 475: "Under Ground Kings"
Song 476: "Unforgettable"
Song 477: "Unstoppable"
Song 478: "Unstoppable (Remix)"
Song 479: "Up All Night"
Song 480: "U.P.A. (Outro)"
Song 481: "Uptown"
Song 482: "Used To"
Song 483: "Used to (Remix)"
Song 484: "U With Me?"
Song 485: "U With Me? (Türkçe Çeviri)"
Song 486: "Video Girl"
Song 487: "Views"
Song 488: "Views [Booklet]"
Song 489: "Views [Credits]"
Song 490: "Views From The 6"
Song 491: "Views [Tracklist + Album Cover]"
Song 492: "Views [Trailer]"
Song 493: "Wednesday Night Interlude"
Song 494: "We'll Be Fine"
Song 495: "We Made It Freestyle"
Song 496: "Weston Road Flows"
Song 497: "What If I Kissed You"
Song 498: "What I'm Thinking Now"
Song 499: "What I'm Thinkin' Right Now"
Song 500: "What Up"
Song 501: "Where to Now"
Song 502: "Where Were You"
Song 503: "Where Were You (Original)"
Song 504: "Wildfire"
Song 505: "With You"
Song 506: "Work (Traduction Française)"
Song 507: "Worst Behavior"
Song 508: "Would You Love Me"
Song 509: "Wu-Tang Forever"
Song 510: "Wu-Tang Forever (Remix)"
Song 511: "Yamaha Mamma"
Song 512: "You Are The Reason"
Song 513: "You Got Me"
Song 514: "You Know, You Know"
Song 515: "You & The 6"
Song 516: "Zane Lowe Interview"
Song 517: "Zone"

number of songs from Drake: 517